Using pre-set license
Built from '2020.3/staging' branch; Version is '2020.3.3f1 (76626098c1c4) revision 7758432'; Using compiler version '192528614'; Build Type 'Release'
OS: 'Windows 10 Home; OS build 19042.928; Version 2009; 64bit' Language: 'en' Physical Memory: 15789 MB
BatchMode: 1, IsHumanControllingUs: 0, StartBugReporterOnCrash: 0, Is64bit: 1, IsPro: 0

 COMMAND LINE ARGUMENTS:
C:\Program Files\Unity\Hub\Editor\2020.3.3f1\Editor\Unity.exe
-adb2
-batchMode
-noUpm
-name
AssetImportWorker1
-projectPath
C:/Users/ReGaSLZR/Documents/_Repositories/EndlessRunner2D
-logFile
Logs/AssetImportWorker1.log
-srvPort
56212
Successfully changed project path to: C:/Users/ReGaSLZR/Documents/_Repositories/EndlessRunner2D
C:/Users/ReGaSLZR/Documents/_Repositories/EndlessRunner2D
Using Asset Import Pipeline V2.
Refreshing native plugins compatible for Editor in 49.98 ms, found 1 plugins.
Preloading 0 native plugins for Editor in 0.00 ms.
Initialize engine version: 2020.3.3f1 (76626098c1c4)
[Subsystems] Discovering subsystems at path C:/Program Files/Unity/Hub/Editor/2020.3.3f1/Editor/Data/Resources/UnitySubsystems
[Subsystems] Discovering subsystems at path C:/Users/ReGaSLZR/Documents/_Repositories/EndlessRunner2D/Assets
GfxDevice: creating device client; threaded=0
Direct3D:
    Version:  Direct3D 11.0 [level 11.1]
    Renderer: NVIDIA GeForce RTX 2060 (ID=0x1f15)
    Vendor:   
    VRAM:     5980 MB
    Driver:   27.21.14.5730
Initialize mono
Mono path[0] = 'C:/Program Files/Unity/Hub/Editor/2020.3.3f1/Editor/Data/Managed'
Mono path[1] = 'C:/Program Files/Unity/Hub/Editor/2020.3.3f1/Editor/Data/MonoBleedingEdge/lib/mono/unityjit'
Mono config path = 'C:/Program Files/Unity/Hub/Editor/2020.3.3f1/Editor/Data/MonoBleedingEdge/etc'
Using monoOptions --debugger-agent=transport=dt_socket,embedding=1,server=y,suspend=n,address=127.0.0.1:56908
Begin MonoManager ReloadAssembly
Registering precompiled unity dll's ...
Register platform support module: C:/Program Files/Unity/Hub/Editor/2020.3.3f1/Editor/Data/PlaybackEngines/WindowsStandaloneSupport/UnityEditor.WindowsStandalone.Extensions.dll
Registered in 0.001758 seconds.
Native extension for WindowsStandalone target not found
Refreshing native plugins compatible for Editor in 50.81 ms, found 1 plugins.
Preloading 0 native plugins for Editor in 0.00 ms.
Invoked RoslynAnalysisRunner static constructor.
RoslynAnalysisRunner will not be running.
RoslynAnalysisRunner has terminated.
Mono: successfully reloaded assembly
- Completed reload, in  0.980 seconds
Platform modules already initialized, skipping
Registering precompiled user dll's ...
Registered in 0.002753 seconds.
Begin MonoManager ReloadAssembly
Native extension for WindowsStandalone target not found
Refreshing native plugins compatible for Editor in 49.79 ms, found 1 plugins.
Preloading 0 native plugins for Editor in 0.00 ms.
Invoked RoslynAnalysisRunner static constructor.
RoslynAnalysisRunner will not be running.
RoslynAnalysisRunner has terminated.
Mono: successfully reloaded assembly
- Completed reload, in  0.913 seconds
Platform modules already initialized, skipping
========================================================================
Worker process is ready to serve import requests
Launched and connected shader compiler UnityShaderCompiler.exe after 0.04 seconds
Refreshing native plugins compatible for Editor in 0.72 ms, found 1 plugins.
Preloading 0 native plugins for Editor in 0.00 ms.
Unloading 2711 Unused Serialized files (Serialized files now loaded: 0)
System memory in use before: 114.1 MB.
System memory in use after: 114.3 MB.

Unloading 25 unused Assets to reduce memory usage. Loaded Objects now: 3163.
Total: 3.247100 ms (FindLiveObjects: 0.567300 ms CreateObjectMapping: 0.100900 ms MarkObjects: 2.493600 ms  DeleteObjects: 0.082900 ms)

========================================================================
Received Import Request.
  path: Assets/Project/Settings/GameSettings - Prototype.asset
  artifactKey: Guid(195fab14bf6a35a4a9ab48f6b3406337) Importer(815301076,1909f56bfc062723c751e8b465ee728b)
Start importing Assets/Project/Settings/GameSettings - Prototype.asset using Guid(195fab14bf6a35a4a9ab48f6b3406337) Importer(815301076,1909f56bfc062723c751e8b465ee728b)  -> (artifact id: 'b32f6d2108cbcfae49d52eaae9b1ce3b') in 0.024960 seconds
  Import took 0.029607 seconds .

========================================================================
Received Prepare
Registering precompiled user dll's ...
Registered in 0.002795 seconds.
Begin MonoManager ReloadAssembly
Native extension for WindowsStandalone target not found
Refreshing native plugins compatible for Editor in 0.72 ms, found 1 plugins.
Preloading 0 native plugins for Editor in 0.00 ms.
Invoked RoslynAnalysisRunner static constructor.
RoslynAnalysisRunner will not be running.
RoslynAnalysisRunner has terminated.
Mono: successfully reloaded assembly
- Completed reload, in  1.088 seconds
Platform modules already initialized, skipping
Refreshing native plugins compatible for Editor in 0.51 ms, found 1 plugins.
Preloading 0 native plugins for Editor in 0.00 ms.
Unloading 2683 Unused Serialized files (Serialized files now loaded: 0)
System memory in use before: 112.0 MB.
System memory in use after: 112.2 MB.

Unloading 14 unused Assets to reduce memory usage. Loaded Objects now: 3166.
Total: 2.015700 ms (FindLiveObjects: 0.287100 ms CreateObjectMapping: 0.067600 ms MarkObjects: 1.638600 ms  DeleteObjects: 0.020700 ms)

========================================================================
Received Prepare
Registering precompiled user dll's ...
Registered in 0.002665 seconds.
Begin MonoManager ReloadAssembly
Native extension for WindowsStandalone target not found
Refreshing native plugins compatible for Editor in 0.51 ms, found 1 plugins.
Preloading 0 native plugins for Editor in 0.00 ms.
Invoked RoslynAnalysisRunner static constructor.
RoslynAnalysisRunner will not be running.
RoslynAnalysisRunner has terminated.
Mono: successfully reloaded assembly
- Completed reload, in  0.823 seconds
Platform modules already initialized, skipping
Refreshing native plugins compatible for Editor in 0.51 ms, found 1 plugins.
Preloading 0 native plugins for Editor in 0.00 ms.
Unloading 2683 Unused Serialized files (Serialized files now loaded: 0)
System memory in use before: 112.1 MB.
System memory in use after: 112.3 MB.

Unloading 14 unused Assets to reduce memory usage. Loaded Objects now: 3169.
Total: 2.601300 ms (FindLiveObjects: 0.387200 ms CreateObjectMapping: 0.129000 ms MarkObjects: 2.062300 ms  DeleteObjects: 0.021100 ms)

========================================================================
Received Prepare
Registering precompiled user dll's ...
Registered in 0.002662 seconds.
Begin MonoManager ReloadAssembly
Native extension for WindowsStandalone target not found
Refreshing native plugins compatible for Editor in 0.53 ms, found 1 plugins.
Preloading 0 native plugins for Editor in 0.00 ms.
Invoked RoslynAnalysisRunner static constructor.
RoslynAnalysisRunner will not be running.
RoslynAnalysisRunner has terminated.
Mono: successfully reloaded assembly
- Completed reload, in  0.824 seconds
Platform modules already initialized, skipping
Refreshing native plugins compatible for Editor in 0.52 ms, found 1 plugins.
Preloading 0 native plugins for Editor in 0.00 ms.
Unloading 2683 Unused Serialized files (Serialized files now loaded: 0)
System memory in use before: 112.1 MB.
System memory in use after: 112.3 MB.

Unloading 14 unused Assets to reduce memory usage. Loaded Objects now: 3172.
Total: 2.147600 ms (FindLiveObjects: 0.305600 ms CreateObjectMapping: 0.067500 ms MarkObjects: 1.752600 ms  DeleteObjects: 0.020600 ms)

========================================================================
Received Prepare
Registering precompiled user dll's ...
Registered in 0.002624 seconds.
Begin MonoManager ReloadAssembly
Native extension for WindowsStandalone target not found
Refreshing native plugins compatible for Editor in 0.68 ms, found 1 plugins.
Preloading 0 native plugins for Editor in 0.00 ms.
Invoked RoslynAnalysisRunner static constructor.
RoslynAnalysisRunner will not be running.
RoslynAnalysisRunner has terminated.
Mono: successfully reloaded assembly
- Completed reload, in  0.863 seconds
Platform modules already initialized, skipping
Refreshing native plugins compatible for Editor in 0.52 ms, found 1 plugins.
Preloading 0 native plugins for Editor in 0.00 ms.
Unloading 2683 Unused Serialized files (Serialized files now loaded: 0)
System memory in use before: 112.1 MB.
System memory in use after: 112.3 MB.

Unloading 14 unused Assets to reduce memory usage. Loaded Objects now: 3175.
Total: 3.726400 ms (FindLiveObjects: 0.876600 ms CreateObjectMapping: 0.186300 ms MarkObjects: 2.639000 ms  DeleteObjects: 0.022200 ms)

========================================================================
Received Prepare
Registering precompiled user dll's ...
Registered in 0.002745 seconds.
Begin MonoManager ReloadAssembly
Native extension for WindowsStandalone target not found
Refreshing native plugins compatible for Editor in 0.55 ms, found 1 plugins.
Preloading 0 native plugins for Editor in 0.00 ms.
Invoked RoslynAnalysisRunner static constructor.
RoslynAnalysisRunner will not be running.
RoslynAnalysisRunner has terminated.
Mono: successfully reloaded assembly
- Completed reload, in  0.836 seconds
Platform modules already initialized, skipping
Refreshing native plugins compatible for Editor in 0.54 ms, found 1 plugins.
Preloading 0 native plugins for Editor in 0.00 ms.
Unloading 2683 Unused Serialized files (Serialized files now loaded: 0)
System memory in use before: 112.1 MB.
System memory in use after: 112.3 MB.

Unloading 14 unused Assets to reduce memory usage. Loaded Objects now: 3178.
Total: 2.404200 ms (FindLiveObjects: 0.470600 ms CreateObjectMapping: 0.181300 ms MarkObjects: 1.725900 ms  DeleteObjects: 0.024400 ms)

========================================================================
Received Prepare
Registering precompiled user dll's ...
Registered in 0.002727 seconds.
Begin MonoManager ReloadAssembly
Native extension for WindowsStandalone target not found
Refreshing native plugins compatible for Editor in 0.60 ms, found 1 plugins.
Preloading 0 native plugins for Editor in 0.00 ms.
Invoked RoslynAnalysisRunner static constructor.
RoslynAnalysisRunner will not be running.
RoslynAnalysisRunner has terminated.
Mono: successfully reloaded assembly
- Completed reload, in  0.846 seconds
Platform modules already initialized, skipping
Refreshing native plugins compatible for Editor in 0.51 ms, found 1 plugins.
Preloading 0 native plugins for Editor in 0.00 ms.
Unloading 2683 Unused Serialized files (Serialized files now loaded: 0)
System memory in use before: 112.1 MB.
System memory in use after: 112.3 MB.

Unloading 14 unused Assets to reduce memory usage. Loaded Objects now: 3181.
Total: 2.753000 ms (FindLiveObjects: 0.292400 ms CreateObjectMapping: 0.071800 ms MarkObjects: 2.363700 ms  DeleteObjects: 0.023800 ms)

========================================================================
Received Prepare
Registering precompiled user dll's ...
Registered in 0.002742 seconds.
Begin MonoManager ReloadAssembly
Native extension for WindowsStandalone target not found
Refreshing native plugins compatible for Editor in 0.58 ms, found 1 plugins.
Preloading 0 native plugins for Editor in 0.00 ms.
Invoked RoslynAnalysisRunner static constructor.
RoslynAnalysisRunner will not be running.
RoslynAnalysisRunner has terminated.
Mono: successfully reloaded assembly
- Completed reload, in  0.822 seconds
Platform modules already initialized, skipping
Refreshing native plugins compatible for Editor in 0.50 ms, found 1 plugins.
Preloading 0 native plugins for Editor in 0.00 ms.
Unloading 2683 Unused Serialized files (Serialized files now loaded: 0)
System memory in use before: 112.1 MB.
System memory in use after: 112.4 MB.

Unloading 14 unused Assets to reduce memory usage. Loaded Objects now: 3184.
Total: 2.736400 ms (FindLiveObjects: 0.468800 ms CreateObjectMapping: 0.184700 ms MarkObjects: 2.059000 ms  DeleteObjects: 0.022300 ms)

========================================================================
Received Prepare
Registering precompiled user dll's ...
Registered in 0.002777 seconds.
Begin MonoManager ReloadAssembly
Native extension for WindowsStandalone target not found
Refreshing native plugins compatible for Editor in 0.50 ms, found 1 plugins.
Preloading 0 native plugins for Editor in 0.00 ms.
Invoked RoslynAnalysisRunner static constructor.
RoslynAnalysisRunner will not be running.
RoslynAnalysisRunner has terminated.
Mono: successfully reloaded assembly
- Completed reload, in  0.815 seconds
Platform modules already initialized, skipping
Refreshing native plugins compatible for Editor in 0.50 ms, found 1 plugins.
Preloading 0 native plugins for Editor in 0.00 ms.
Unloading 2683 Unused Serialized files (Serialized files now loaded: 0)
System memory in use before: 112.0 MB.
System memory in use after: 112.3 MB.

Unloading 14 unused Assets to reduce memory usage. Loaded Objects now: 3187.
Total: 2.781300 ms (FindLiveObjects: 0.362500 ms CreateObjectMapping: 0.126900 ms MarkObjects: 2.268300 ms  DeleteObjects: 0.021800 ms)

