Using pre-set license
Built from '2020.3/staging' branch; Version is '2020.3.3f1 (76626098c1c4) revision 7758432'; Using compiler version '192528614'; Build Type 'Release'
OS: 'Windows 10 Home; OS build 19042.928; Version 2009; 64bit' Language: 'en' Physical Memory: 15789 MB
BatchMode: 1, IsHumanControllingUs: 0, StartBugReporterOnCrash: 0, Is64bit: 1, IsPro: 0

 COMMAND LINE ARGUMENTS:
C:\Program Files\Unity\Hub\Editor\2020.3.3f1\Editor\Unity.exe
-adb2
-batchMode
-noUpm
-name
AssetImportWorker0
-projectPath
C:/Users/ReGaSLZR/Documents/_Repositories/EndlessRunner2D
-logFile
Logs/AssetImportWorker0.log
-srvPort
50489
Successfully changed project path to: C:/Users/ReGaSLZR/Documents/_Repositories/EndlessRunner2D
C:/Users/ReGaSLZR/Documents/_Repositories/EndlessRunner2D
Using Asset Import Pipeline V2.
Refreshing native plugins compatible for Editor in 48.74 ms, found 1 plugins.
Preloading 0 native plugins for Editor in 0.00 ms.
Initialize engine version: 2020.3.3f1 (76626098c1c4)
[Subsystems] Discovering subsystems at path C:/Program Files/Unity/Hub/Editor/2020.3.3f1/Editor/Data/Resources/UnitySubsystems
[Subsystems] Discovering subsystems at path C:/Users/ReGaSLZR/Documents/_Repositories/EndlessRunner2D/Assets
GfxDevice: creating device client; threaded=0
Direct3D:
    Version:  Direct3D 11.0 [level 11.1]
    Renderer: NVIDIA GeForce RTX 2060 (ID=0x1f15)
    Vendor:   
    VRAM:     5980 MB
    Driver:   27.21.14.5730
Initialize mono
Mono path[0] = 'C:/Program Files/Unity/Hub/Editor/2020.3.3f1/Editor/Data/Managed'
Mono path[1] = 'C:/Program Files/Unity/Hub/Editor/2020.3.3f1/Editor/Data/MonoBleedingEdge/lib/mono/unityjit'
Mono config path = 'C:/Program Files/Unity/Hub/Editor/2020.3.3f1/Editor/Data/MonoBleedingEdge/etc'
Using monoOptions --debugger-agent=transport=dt_socket,embedding=1,server=y,suspend=n,address=127.0.0.1:56624
Begin MonoManager ReloadAssembly
Registering precompiled unity dll's ...
Register platform support module: C:/Program Files/Unity/Hub/Editor/2020.3.3f1/Editor/Data/PlaybackEngines/WindowsStandaloneSupport/UnityEditor.WindowsStandalone.Extensions.dll
Registered in 0.001874 seconds.
Native extension for WindowsStandalone target not found
Refreshing native plugins compatible for Editor in 50.02 ms, found 1 plugins.
Preloading 0 native plugins for Editor in 0.00 ms.
Invoked RoslynAnalysisRunner static constructor.
RoslynAnalysisRunner will not be running.
RoslynAnalysisRunner has terminated.
Mono: successfully reloaded assembly
- Completed reload, in  0.912 seconds
Platform modules already initialized, skipping
Registering precompiled user dll's ...
Registered in 0.002751 seconds.
Begin MonoManager ReloadAssembly
Native extension for WindowsStandalone target not found
Refreshing native plugins compatible for Editor in 53.37 ms, found 1 plugins.
Preloading 0 native plugins for Editor in 0.00 ms.
Invoked RoslynAnalysisRunner static constructor.
RoslynAnalysisRunner will not be running.
RoslynAnalysisRunner has terminated.
Mono: successfully reloaded assembly
- Completed reload, in  0.997 seconds
Platform modules already initialized, skipping
========================================================================
Worker process is ready to serve import requests
Launched and connected shader compiler UnityShaderCompiler.exe after 0.04 seconds
Refreshing native plugins compatible for Editor in 0.65 ms, found 1 plugins.
Preloading 0 native plugins for Editor in 0.00 ms.
Unloading 2648 Unused Serialized files (Serialized files now loaded: 0)
System memory in use before: 111.5 MB.
System memory in use after: 111.7 MB.

Unloading 25 unused Assets to reduce memory usage. Loaded Objects now: 3094.
Total: 2.852500 ms (FindLiveObjects: 0.459100 ms CreateObjectMapping: 0.137900 ms MarkObjects: 2.178100 ms  DeleteObjects: 0.076000 ms)

========================================================================
Received Import Request.
  path: Assets/Project/Scripts/Controller/RandomTerrainController.cs
  artifactKey: Guid(e6dba0d472ee2a94caca1e43da400342) Importer(815301076,1909f56bfc062723c751e8b465ee728b)
Start importing Assets/Project/Scripts/Controller/RandomTerrainController.cs using Guid(e6dba0d472ee2a94caca1e43da400342) Importer(815301076,1909f56bfc062723c751e8b465ee728b)  -> (artifact id: 'f3cc0069e395ff749651b0fdd1738e11') in 0.024828 seconds
  Import took 0.029667 seconds .

========================================================================
Received Prepare
Registering precompiled user dll's ...
Registered in 0.002585 seconds.
Begin MonoManager ReloadAssembly
Native extension for WindowsStandalone target not found
Refreshing native plugins compatible for Editor in 0.50 ms, found 1 plugins.
Preloading 0 native plugins for Editor in 0.00 ms.
Invoked RoslynAnalysisRunner static constructor.
RoslynAnalysisRunner will not be running.
RoslynAnalysisRunner has terminated.
Mono: successfully reloaded assembly
- Completed reload, in  0.813 seconds
Platform modules already initialized, skipping
Refreshing native plugins compatible for Editor in 0.50 ms, found 1 plugins.
Preloading 0 native plugins for Editor in 0.00 ms.
Unloading 2622 Unused Serialized files (Serialized files now loaded: 0)
System memory in use before: 109.6 MB.
System memory in use after: 109.8 MB.

Unloading 14 unused Assets to reduce memory usage. Loaded Objects now: 3097.
Total: 2.354100 ms (FindLiveObjects: 0.368000 ms CreateObjectMapping: 0.074700 ms MarkObjects: 1.889300 ms  DeleteObjects: 0.020200 ms)

========================================================================
Received Import Request.
  Time since last request: 47.653193 seconds.
  path: Assets/Project/Scripts/Controller/RandomTerrainController.cs
  artifactKey: Guid(e6dba0d472ee2a94caca1e43da400342) Importer(815301076,1909f56bfc062723c751e8b465ee728b)
Start importing Assets/Project/Scripts/Controller/RandomTerrainController.cs using Guid(e6dba0d472ee2a94caca1e43da400342) Importer(815301076,1909f56bfc062723c751e8b465ee728b)  -> (artifact id: 'dbfe10f668ec0f86033da5a8baf6daaa') in 0.005472 seconds
  Import took 0.009981 seconds .

========================================================================
Received Import Request.
  Time since last request: 1.380639 seconds.
  path: Assets/Project/Scripts/Controller/UITextsController.cs
  artifactKey: Guid(0aba56c649eef9e4b98460cf1458a53f) Importer(815301076,1909f56bfc062723c751e8b465ee728b)
Start importing Assets/Project/Scripts/Controller/UITextsController.cs using Guid(0aba56c649eef9e4b98460cf1458a53f) Importer(815301076,1909f56bfc062723c751e8b465ee728b)  -> (artifact id: '67a574e68b1f6ef44a75a0a4fd38f1f7') in 0.006438 seconds
  Import took 0.010760 seconds .

========================================================================
Received Import Request.
  Time since last request: 0.017297 seconds.
  path: Assets/Project/Scripts/Controller/UITextsController.cs
  artifactKey: Guid(0aba56c649eef9e4b98460cf1458a53f) Importer(815301076,1909f56bfc062723c751e8b465ee728b)
Start importing Assets/Project/Scripts/Controller/UITextsController.cs using Guid(0aba56c649eef9e4b98460cf1458a53f) Importer(815301076,1909f56bfc062723c751e8b465ee728b)  -> (artifact id: '67a574e68b1f6ef44a75a0a4fd38f1f7') in 0.002469 seconds
  Import took 0.006526 seconds .

========================================================================
Received Import Request.
  Time since last request: 27.673850 seconds.
  path: Assets/Project/Scripts/Controller/GameplayController.cs
  artifactKey: Guid(6352f544572fc2e489b4902ce6f4fef5) Importer(815301076,1909f56bfc062723c751e8b465ee728b)
Start importing Assets/Project/Scripts/Controller/GameplayController.cs using Guid(6352f544572fc2e489b4902ce6f4fef5) Importer(815301076,1909f56bfc062723c751e8b465ee728b)  -> (artifact id: '8a18caa738e4f3301baea72e6ba9ad00') in 0.007184 seconds
  Import took 0.011456 seconds .

========================================================================
Received Prepare
Registering precompiled user dll's ...
Registered in 0.002586 seconds.
Begin MonoManager ReloadAssembly
Native extension for WindowsStandalone target not found
Refreshing native plugins compatible for Editor in 0.49 ms, found 1 plugins.
Preloading 0 native plugins for Editor in 0.00 ms.
Invoked RoslynAnalysisRunner static constructor.
RoslynAnalysisRunner will not be running.
RoslynAnalysisRunner has terminated.
Mono: successfully reloaded assembly
- Completed reload, in  0.797 seconds
Platform modules already initialized, skipping
Refreshing native plugins compatible for Editor in 0.49 ms, found 1 plugins.
Preloading 0 native plugins for Editor in 0.00 ms.
Unloading 2622 Unused Serialized files (Serialized files now loaded: 0)
System memory in use before: 109.6 MB.
System memory in use after: 109.9 MB.

Unloading 14 unused Assets to reduce memory usage. Loaded Objects now: 3100.
Total: 2.018500 ms (FindLiveObjects: 0.268200 ms CreateObjectMapping: 0.064000 ms MarkObjects: 1.662600 ms  DeleteObjects: 0.022600 ms)

========================================================================
Received Prepare
Registering precompiled user dll's ...
Registered in 0.002717 seconds.
Begin MonoManager ReloadAssembly
Native extension for WindowsStandalone target not found
Refreshing native plugins compatible for Editor in 0.49 ms, found 1 plugins.
Preloading 0 native plugins for Editor in 0.00 ms.
Invoked RoslynAnalysisRunner static constructor.
RoslynAnalysisRunner will not be running.
RoslynAnalysisRunner has terminated.
Mono: successfully reloaded assembly
- Completed reload, in  0.796 seconds
Platform modules already initialized, skipping
Refreshing native plugins compatible for Editor in 0.56 ms, found 1 plugins.
Preloading 0 native plugins for Editor in 0.00 ms.
Unloading 2622 Unused Serialized files (Serialized files now loaded: 0)
System memory in use before: 109.7 MB.
System memory in use after: 109.9 MB.

Unloading 14 unused Assets to reduce memory usage. Loaded Objects now: 3103.
Total: 2.796700 ms (FindLiveObjects: 0.650000 ms CreateObjectMapping: 0.128800 ms MarkObjects: 1.986300 ms  DeleteObjects: 0.029700 ms)

========================================================================
Received Prepare
Registering precompiled user dll's ...
Registered in 0.003527 seconds.
Begin MonoManager ReloadAssembly
Native extension for WindowsStandalone target not found
Refreshing native plugins compatible for Editor in 0.52 ms, found 1 plugins.
Preloading 0 native plugins for Editor in 0.00 ms.
Invoked RoslynAnalysisRunner static constructor.
RoslynAnalysisRunner will not be running.
RoslynAnalysisRunner has terminated.
Mono: successfully reloaded assembly
- Completed reload, in  0.820 seconds
Platform modules already initialized, skipping
Refreshing native plugins compatible for Editor in 0.57 ms, found 1 plugins.
Preloading 0 native plugins for Editor in 0.00 ms.
Unloading 2622 Unused Serialized files (Serialized files now loaded: 0)
System memory in use before: 109.7 MB.
System memory in use after: 109.9 MB.

Unloading 14 unused Assets to reduce memory usage. Loaded Objects now: 3106.
Total: 2.704700 ms (FindLiveObjects: 0.528600 ms CreateObjectMapping: 0.072100 ms MarkObjects: 2.080900 ms  DeleteObjects: 0.019600 ms)

========================================================================
Received Prepare
Registering precompiled user dll's ...
Registered in 0.002646 seconds.
Begin MonoManager ReloadAssembly
Native extension for WindowsStandalone target not found
Refreshing native plugins compatible for Editor in 0.50 ms, found 1 plugins.
Preloading 0 native plugins for Editor in 0.00 ms.
Invoked RoslynAnalysisRunner static constructor.
RoslynAnalysisRunner will not be running.
RoslynAnalysisRunner has terminated.
Mono: successfully reloaded assembly
- Completed reload, in  0.798 seconds
Platform modules already initialized, skipping
Refreshing native plugins compatible for Editor in 0.63 ms, found 1 plugins.
Preloading 0 native plugins for Editor in 0.00 ms.
Unloading 2622 Unused Serialized files (Serialized files now loaded: 0)
System memory in use before: 109.6 MB.
System memory in use after: 109.8 MB.

Unloading 14 unused Assets to reduce memory usage. Loaded Objects now: 3109.
Total: 2.196200 ms (FindLiveObjects: 0.356000 ms CreateObjectMapping: 0.122200 ms MarkObjects: 1.689000 ms  DeleteObjects: 0.027600 ms)

========================================================================
Received Import Request.
  Time since last request: 2686.886267 seconds.
  path: Assets/Project/Scripts/Controller/RandomTerrainController.cs
  artifactKey: Guid(e6dba0d472ee2a94caca1e43da400342) Importer(815301076,1909f56bfc062723c751e8b465ee728b)
Start importing Assets/Project/Scripts/Controller/RandomTerrainController.cs using Guid(e6dba0d472ee2a94caca1e43da400342) Importer(815301076,1909f56bfc062723c751e8b465ee728b)  -> (artifact id: 'c03dd43055bd637f160739059ecb9f73') in 0.005093 seconds
  Import took 0.008908 seconds .

AssetImportWorkerClient::OnTransportError - code=2 error=End of file
